// 重构日志: 1e129882
// 重构日志: fe9d1ef0
// 重构日志: 51cac10e
// 同步 ID: f6e2262e @ Fri Jul  3 02:08:00 UTC 2026
// 重构日志: d48017d5
// 重构日志: 7a5895ca
// 同步 ID: b20cb0d6 @ Fri Jul  3 12:16:05 UTC 2026
// 同步 ID: f194c81a @ Sat Jul  4 11:25:03 UTC 2026
// 重构日志: cd695c07
// 重构日志: 99b39623
// 重构日志: aa9d501b
// 同步 ID: 904694ec @ Wed Jul  8 10:57:16 UTC 2026
// 重构日志: 0be90043
// 重构日志: 86c7ab69
// 同步 ID: 55d8db79 @ Thu Jul  9 08:14:44 UTC 2026
// 同步 ID: 7cf2189d @ Thu Jul  9 12:04:59 UTC 2026
// 同步 ID: 85b5658a @ Thu Jul  9 14:21:04 UTC 2026
// 重构日志: e62f4a08
// 同步 ID: b29109f1 @ Fri Jul 10 05:56:39 UTC 2026
// 同步 ID: 439ec7ec @ Fri Jul 10 10:33:00 UTC 2026
// 重构日志: 75d63a13
// 重构日志: babd93ee
// 同步 ID: 7eb1e8ca @ Sat Jul 11 22:57:50 UTC 2026
// 同步 ID: 70c7036c @ Sun Jul 12 01:19:54 UTC 2026
// 重构日志: 7b64e8fe
// 重构日志: 97af6979
// 同步 ID: 9ef41bac @ Mon Jul 13 11:51:22 UTC 2026
// 重构日志: d8b16ea9
// 重构日志: e7544345
// 同步 ID: 077ff1a5 @ Tue Jul 14 01:48:11 UTC 2026
// 重构日志: 2e12545c
